2018-05-17 00:08:41.029  INFO 7736 --- [Thread-17] ConfigServletWebServerApplicationContext : Closing org.springframework.boot.web.servlet.context.AnnotationConfigServletWebServerApplicationContext@7e21a7c1: startup date [Wed May 16 22:47:12 CST 2018]; root of context hierarchy
2018-05-17 00:09:04.380  INFO 7736 --- [Thread-17] o.s.c.support.DefaultLifecycleProcessor  : Stopping beans in phase 0
2018-05-17 00:09:04.891  INFO 7736 --- [Thread-17] o.s.i.endpoint.EventDrivenConsumer       : Removing {logging-channel-adapter:_org.springframework.integration.errorLogger} as a subscriber to the 'errorChannel' channel
2018-05-17 00:09:05.119  INFO 7736 --- [Thread-17] o.s.i.channel.PublishSubscribeChannel    : Channel 'application.errorChannel' has 0 subscriber(s).
2018-05-17 00:09:05.159  INFO 7736 --- [Thread-17] o.s.i.endpoint.EventDrivenConsumer       : stopped _org.springframework.integration.errorLogger
2018-05-17 00:09:05.746  INFO 7736 --- [Thread-17] o.s.s.c.ThreadPoolTaskScheduler          : Shutting down ExecutorService 'taskScheduler'
2018-05-17 00:09:06.210  INFO 7736 --- [Thread-17] o.s.j.e.a.AnnotationMBeanExporter        : Unregistering JMX-exposed beans on shutdown
2018-05-17 00:09:06.459  INFO 7736 --- [Thread-17] o.s.j.e.a.AnnotationMBeanExporter        : Unregistering JMX-exposed beans
2018-05-17 00:09:07.706  INFO 7736 --- [Thread-17] com.alibaba.druid.pool.DruidDataSource   : {dataSource-2} closed
2018-05-17 00:10:23.774  INFO 7736 --- [restartedMain] com.zhzteam.zhz233.Zhz233Application     : Starting Zhz233Application on DESKTOP-4I6LQ2I with PID 7736 (G:\GitHub\GitHub01\Project-01\Proj_zhz233\target\classes started by binbi in G:\GitHub\GitHub01\Project-01\Proj_zhz233)
2018-05-17 00:10:23.776  INFO 7736 --- [restartedMain] com.zhzteam.zhz233.Zhz233Application     : No active profile set, falling back to default profiles: default
2018-05-17 00:10:23.877  INFO 7736 --- [restartedMain] ConfigServletWebServerApplicationContext : Refreshing org.springframework.boot.web.servlet.context.AnnotationConfigServletWebServerApplicationContext@53a5d76a: startup date [Thu May 17 00:10:23 CST 2018]; root of context hierarchy
2018-05-17 00:10:34.127  INFO 7736 --- [restartedMain] .s.d.r.c.RepositoryConfigurationDelegate : Multiple Spring Data modules found, entering strict repository configuration mode!
2018-05-17 00:10:36.357  INFO 7736 --- [restartedMain] o.s.i.config.IntegrationRegistrar        : No bean named 'integrationHeaderChannelRegistry' has been explicitly defined. Therefore, a default DefaultHeaderChannelRegistry will be created.
2018-05-17 00:10:37.780  INFO 7736 --- [restartedMain] faultConfiguringBeanFactoryPostProcessor : No bean named 'errorChannel' has been explicitly defined. Therefore, a default PublishSubscribeChannel will be created.
2018-05-17 00:10:37.781  INFO 7736 --- [restartedMain] faultConfiguringBeanFactoryPostProcessor : No bean named 'taskScheduler' has been explicitly defined. Therefore, a default ThreadPoolTaskScheduler will be created.
2018-05-17 00:10:40.067  INFO 7736 --- [restartedMain] trationDelegate$BeanPostProcessorChecker : Bean 'org.springframework.ws.config.annotation.DelegatingWsConfiguration' of type [org.springframework.ws.config.annotation.DelegatingWsConfiguration$$EnhancerBySpringCGLIB$$238d5290] is not eligible for getting processed by all BeanPostProcessors (for example: not eligible for auto-proxying)
2018-05-17 00:10:40.233  INFO 7736 --- [restartedMain] .w.s.a.s.AnnotationActionEndpointMapping : Supporting [WS-Addressing August 2004, WS-Addressing 1.0]
2018-05-17 00:10:40.420  INFO 7736 --- [restartedMain] trationDelegate$BeanPostProcessorChecker : Bean 'org.springframework.transaction.annotation.ProxyTransactionManagementConfiguration' of type [org.springframework.transaction.annotation.ProxyTransactionManagementConfiguration$$EnhancerBySpringCGLIB$$7ef58d91] is not eligible for getting processed by all BeanPostProcessors (for example: not eligible for auto-proxying)
2018-05-17 00:10:40.502  INFO 7736 --- [restartedMain] trationDelegate$BeanPostProcessorChecker : Bean 'org.springframework.cache.annotation.ProxyCachingConfiguration' of type [org.springframework.cache.annotation.ProxyCachingConfiguration$$EnhancerBySpringCGLIB$$c807c3af] is not eligible for getting processed by all BeanPostProcessors (for example: not eligible for auto-proxying)
2018-05-17 00:10:40.808  INFO 7736 --- [restartedMain] trationDelegate$BeanPostProcessorChecker : Bean 'org.springframework.integration.config.IntegrationManagementConfiguration' of type [org.springframework.integration.config.IntegrationManagementConfiguration$$EnhancerBySpringCGLIB$$e9e748c0] is not eligible for getting processed by all BeanPostProcessors (for example: not eligible for auto-proxying)
2018-05-17 00:10:42.210  INFO 7736 --- [restartedMain] o.s.b.w.embedded.tomcat.TomcatWebServer  : Tomcat initialized with port(s): 8080 (http)
2018-05-17 00:10:42.242  INFO 7736 --- [restartedMain] o.apache.catalina.core.StandardService   : Starting service [Tomcat]
2018-05-17 00:10:42.243  INFO 7736 --- [restartedMain] org.apache.catalina.core.StandardEngine  : Starting Servlet Engine: Apache Tomcat/8.5.31
2018-05-17 00:10:42.395  INFO 7736 --- [localhost-startStop-1] o.a.c.c.C.[Tomcat].[localhost].[/]       : Initializing Spring embedded WebApplicationContext
2018-05-17 00:10:42.420  INFO 7736 --- [localhost-startStop-1] o.s.web.context.ContextLoader            : Root WebApplicationContext: initialization completed in 18544 ms
2018-05-17 00:10:43.085  INFO 7736 --- [localhost-startStop-1] o.s.b.w.servlet.ServletRegistrationBean  : Servlet dispatcherServlet mapped to [/]
2018-05-17 00:10:43.086  INFO 7736 --- [localhost-startStop-1] o.s.b.w.servlet.ServletRegistrationBean  : Servlet messageDispatcherServlet mapped to [/services/*]
2018-05-17 00:10:43.086  INFO 7736 --- [localhost-startStop-1] o.s.b.w.servlet.FilterRegistrationBean   : Mapping filter: 'characterEncodingFilter' to: [/*]
2018-05-17 00:10:43.093  INFO 7736 --- [localhost-startStop-1] o.s.b.w.servlet.FilterRegistrationBean   : Mapping filter: 'hiddenHttpMethodFilter' to: [/*]
2018-05-17 00:10:43.094  INFO 7736 --- [localhost-startStop-1] o.s.b.w.servlet.FilterRegistrationBean   : Mapping filter: 'httpPutFormContentFilter' to: [/*]
2018-05-17 00:10:43.094  INFO 7736 --- [localhost-startStop-1] o.s.b.w.servlet.FilterRegistrationBean   : Mapping filter: 'requestContextFilter' to: [/*]
2018-05-17 00:10:43.094  INFO 7736 --- [localhost-startStop-1] o.s.b.w.servlet.FilterRegistrationBean   : Mapping filter: 'AuthPathFilter' to urls: [/*]
2018-05-17 00:10:43.094  INFO 7736 --- [localhost-startStop-1] o.s.b.w.servlet.FilterRegistrationBean   : Mapping filter: 'CorsFilter' to urls: [/*]
2018-05-17 00:10:50.549  INFO 7736 --- [restartedMain] o.s.w.s.handler.SimpleUrlHandlerMapping  : Mapped URL path [/**/favicon.ico] onto handler of type [class org.springframework.web.servlet.resource.ResourceHttpRequestHandler]
2018-05-17 00:10:53.457  INFO 7736 --- [restartedMain] s.w.s.m.m.a.RequestMappingHandlerAdapter : Looking for @ControllerAdvice: org.springframework.boot.web.servlet.context.AnnotationConfigServletWebServerApplicationContext@53a5d76a: startup date [Thu May 17 00:10:23 CST 2018]; root of context hierarchy
2018-05-17 00:10:54.477  INFO 7736 --- [restartedMain] s.w.s.m.m.a.RequestMappingHandlerMapping : Mapped "{[/zlb/errors]}" onto public com.zhzteam.zhz233.model.zlb.PathResult com.zhzteam.zhz233.controller.zlb.ErrorController.login()
2018-05-17 00:10:54.479  INFO 7736 --- [restartedMain] s.w.s.m.m.a.RequestMappingHandlerMapping : Mapped "{[/zlb/getGoodsInfo]}" onto public com.zhzteam.zhz233.model.zlb.ResultView com.zhzteam.zhz233.controller.zlb.GoodsController.getGoodsInfo()
2018-05-17 00:10:54.481  INFO 7736 --- [restartedMain] s.w.s.m.m.a.RequestMappingHandlerMapping : Mapped "{[/zlb/getGoodsRentInfo]}" onto public com.zhzteam.zhz233.model.zlb.ResultView com.zhzteam.zhz233.controller.zlb.GoodsRentController.getGoodsRentInfo(javax.servlet.http.HttpServletRequest)
2018-05-17 00:10:54.483  INFO 7736 --- [restartedMain] s.w.s.m.m.a.RequestMappingHandlerMapping : Mapped "{[/zlb/index]}" onto public com.zhzteam.zhz233.model.zlb.PathResult com.zhzteam.zhz233.controller.zlb.IndexController.index()
2018-05-17 00:10:54.484  INFO 7736 --- [restartedMain] s.w.s.m.m.a.RequestMappingHandlerMapping : Mapped "{[/zlb/getIndexAutoInfo]}" onto public com.zhzteam.zhz233.model.zlb.ResultView com.zhzteam.zhz233.controller.zlb.IndexController.getIndexInfo()
2018-05-17 00:10:54.488  INFO 7736 --- [restartedMain] s.w.s.m.m.a.RequestMappingHandlerMapping : Mapped "{[/zlb/FB/error]}" onto public org.springframework.web.servlet.ModelAndView com.zhzteam.zhz233.controller.zlb.PagesController.error()
2018-05-17 00:10:54.489  INFO 7736 --- [restartedMain] s.w.s.m.m.a.RequestMappingHandlerMapping : Mapped "{[/zlb/FB/index]}" onto public org.springframework.web.servlet.ModelAndView com.zhzteam.zhz233.controller.zlb.PagesController.index()
2018-05-17 00:10:54.490  INFO 7736 --- [restartedMain] s.w.s.m.m.a.RequestMappingHandlerMapping : Mapped "{[/zlb/FB/login]}" onto public org.springframework.web.servlet.ModelAndView com.zhzteam.zhz233.controller.zlb.PagesController.login()
2018-05-17 00:10:54.493  INFO 7736 --- [restartedMain] s.w.s.m.m.a.RequestMappingHandlerMapping : Mapped "{[/zlb/getTasteAutoInfo]}" onto public com.zhzteam.zhz233.model.zlb.ResultView com.zhzteam.zhz233.controller.zlb.TasteController.getTasteAutoInfo()
2018-05-17 00:10:54.493  INFO 7736 --- [restartedMain] s.w.s.m.m.a.RequestMappingHandlerMapping : Mapped "{[/zlb/getGoodsTasteRentInfo]}" onto public com.zhzteam.zhz233.model.zlb.ResultView com.zhzteam.zhz233.controller.zlb.TasteController.getGoodsTasteRentInfo()
2018-05-17 00:10:55.334  INFO 7736 --- [restartedMain] s.w.s.m.m.a.RequestMappingHandlerMapping : Mapped "{[/zlb/userBean/register]}" onto public com.zhzteam.zhz233.model.zlb.ResultView com.zhzteam.zhz233.controller.zlb.UserController.register(javax.servlet.http.HttpServletRequest,javax.servlet.http.HttpServletResponse,com.zhzteam.zhz233.model.zlb.RegisterInfo)
2018-05-17 00:10:55.335  INFO 7736 --- [restartedMain] s.w.s.m.m.a.RequestMappingHandlerMapping : Mapped "{[/zlb/register]}" onto public com.zhzteam.zhz233.model.zlb.PathResult com.zhzteam.zhz233.controller.zlb.UserController.register()
2018-05-17 00:10:55.336  INFO 7736 --- [restartedMain] s.w.s.m.m.a.RequestMappingHandlerMapping : Mapped "{[/zlb/userBean/getUserInfo]}" onto public com.zhzteam.zhz233.model.zlb.ResultView com.zhzteam.zhz233.controller.zlb.UserController.register(javax.servlet.http.HttpServletRequest)
2018-05-17 00:10:55.336  INFO 7736 --- [restartedMain] s.w.s.m.m.a.RequestMappingHandlerMapping : Mapped "{[/zlb/login]}" onto public com.zhzteam.zhz233.model.zlb.PathResult com.zhzteam.zhz233.controller.zlb.UserController.login()
2018-05-17 00:10:55.337  INFO 7736 --- [restartedMain] s.w.s.m.m.a.RequestMappingHandlerMapping : Mapped "{[/zlb/userBean/getUserLeaseOrderInfo]}" onto public com.zhzteam.zhz233.model.zlb.ResultView com.zhzteam.zhz233.controller.zlb.UserController.getUserLeaseOrderInfo(javax.servlet.http.HttpServletRequest)
2018-05-17 00:10:55.337  INFO 7736 --- [restartedMain] s.w.s.m.m.a.RequestMappingHandlerMapping : Mapped "{[/zlb/userBean/checkCellPhone]}" onto public com.zhzteam.zhz233.model.zlb.ResultView com.zhzteam.zhz233.controller.zlb.UserController.checkCellPhone(java.lang.String)
2018-05-17 00:10:55.337  INFO 7736 --- [restartedMain] s.w.s.m.m.a.RequestMappingHandlerMapping : Mapped "{[/zlb/userBean/login]}" onto public com.zhzteam.zhz233.model.zlb.ResultView com.zhzteam.zhz233.controller.zlb.UserController.logon(javax.servlet.http.HttpServletRequest,javax.servlet.http.HttpServletResponse,com.zhzteam.zhz233.model.zlb.UserInfo)
2018-05-17 00:10:55.337  INFO 7736 --- [restartedMain] s.w.s.m.m.a.RequestMappingHandlerMapping : Mapped "{[/zlb/userBean/checkUserName]}" onto public com.zhzteam.zhz233.model.zlb.ResultView com.zhzteam.zhz233.controller.zlb.UserController.checkUserName(java.lang.String)
2018-05-17 00:10:55.337  INFO 7736 --- [restartedMain] s.w.s.m.m.a.RequestMappingHandlerMapping : Mapped "{[/zlb/userBean/getCode]}" onto public com.zhzteam.zhz233.model.zlb.ResultView com.zhzteam.zhz233.controller.zlb.UserController.getCode(java.lang.String)
2018-05-17 00:10:55.338  INFO 7736 --- [restartedMain] s.w.s.m.m.a.RequestMappingHandlerMapping : Mapped "{[/zlb/userBean/checkCode]}" onto public com.zhzteam.zhz233.model.zlb.ResultView com.zhzteam.zhz233.controller.zlb.UserController.checkCode(java.lang.String,java.lang.String)
2018-05-17 00:10:55.341  INFO 7736 --- [restartedMain] s.w.s.m.m.a.RequestMappingHandlerMapping : Mapped "{[/error]}" onto public org.springframework.http.ResponseEntity<java.util.Map<java.lang.String, java.lang.Object>> org.springframework.boot.autoconfigure.web.servlet.error.BasicErrorController.error(javax.servlet.http.HttpServletRequest)
2018-05-17 00:10:55.341  INFO 7736 --- [restartedMain] s.w.s.m.m.a.RequestMappingHandlerMapping : Mapped "{[/error],produces=[text/html]}" onto public org.springframework.web.servlet.ModelAndView org.springframework.boot.autoconfigure.web.servlet.error.BasicErrorController.errorHtml(javax.servlet.http.HttpServletRequest,javax.servlet.http.HttpServletResponse)
2018-05-17 00:10:55.361  INFO 7736 --- [restartedMain] o.s.w.s.handler.SimpleUrlHandlerMapping  : Mapped URL path [/webjars/**] onto handler of type [class org.springframework.web.servlet.resource.ResourceHttpRequestHandler]
2018-05-17 00:10:55.361  INFO 7736 --- [restartedMain] o.s.w.s.handler.SimpleUrlHandlerMapping  : Default mapping to handler of type [class org.springframework.web.servlet.resource.ResourceHttpRequestHandler]
2018-05-17 00:10:56.866  INFO 7736 --- [restartedMain] o.s.s.c.ThreadPoolTaskScheduler          : Initializing ExecutorService  'taskScheduler'
2018-05-17 00:10:58.064  INFO 7736 --- [restartedMain] o.s.b.d.a.OptionalLiveReloadServer       : LiveReload server is running on port 35729
2018-05-17 00:10:58.939  INFO 7736 --- [restartedMain] o.s.j.e.a.AnnotationMBeanExporter        : Registering beans for JMX exposure on startup
2018-05-17 00:10:58.940  INFO 7736 --- [restartedMain] o.s.j.e.a.AnnotationMBeanExporter        : Bean with name 'dataSource' has been autodetected for JMX exposure
2018-05-17 00:10:59.277  INFO 7736 --- [restartedMain] o.s.j.e.a.AnnotationMBeanExporter        : Located MBean 'dataSource': registering with JMX server as MBean [com.alibaba.druid.pool:name=dataSource,type=DruidDataSource]
2018-05-17 00:10:59.297  INFO 7736 --- [restartedMain] o.s.c.support.DefaultLifecycleProcessor  : Starting beans in phase 0
2018-05-17 00:10:59.298  INFO 7736 --- [restartedMain] o.s.i.endpoint.EventDrivenConsumer       : Adding {logging-channel-adapter:_org.springframework.integration.errorLogger} as a subscriber to the 'errorChannel' channel
2018-05-17 00:10:59.298  INFO 7736 --- [restartedMain] o.s.i.channel.PublishSubscribeChannel    : Channel 'application.errorChannel' has 1 subscriber(s).
2018-05-17 00:10:59.298  INFO 7736 --- [restartedMain] o.s.i.endpoint.EventDrivenConsumer       : started _org.springframework.integration.errorLogger
2018-05-17 00:10:59.923  INFO 7736 --- [restartedMain] o.s.b.w.embedded.tomcat.TomcatWebServer  : Tomcat started on port(s): 8080 (http) with context path ''
2018-05-17 00:10:59.925  INFO 7736 --- [restartedMain] com.zhzteam.zhz233.Zhz233Application     : Started Zhz233Application in 39.154 seconds (JVM running for 6093.693)
2018-05-17 00:10:59.933  INFO 7736 --- [restartedMain] .ConditionEvaluationDeltaLoggingListener : Condition evaluation unchanged
2018-05-17 00:11:50.526  INFO 7736 --- [http-nio-8080-exec-1] o.a.c.c.C.[Tomcat].[localhost].[/]       : Initializing Spring FrameworkServlet 'dispatcherServlet'
2018-05-17 00:11:50.526  INFO 7736 --- [http-nio-8080-exec-1] o.s.web.servlet.DispatcherServlet        : FrameworkServlet 'dispatcherServlet': initialization started
2018-05-17 00:11:50.542  INFO 7736 --- [http-nio-8080-exec-1] o.s.web.servlet.DispatcherServlet        : FrameworkServlet 'dispatcherServlet': initialization completed in 15 ms
2018-05-17 00:11:50.666  INFO 7736 --- [http-nio-8080-exec-1] com.alibaba.druid.pool.DruidDataSource   : {dataSource-3} inited
2018-05-17 00:17:16.657  INFO 7736 --- [Thread-24] ConfigServletWebServerApplicationContext : Closing org.springframework.boot.web.servlet.context.AnnotationConfigServletWebServerApplicationContext@53a5d76a: startup date [Thu May 17 00:10:23 CST 2018]; root of context hierarchy
2018-05-17 00:17:16.806  INFO 7736 --- [Thread-24] o.s.c.support.DefaultLifecycleProcessor  : Stopping beans in phase 0
2018-05-17 00:17:16.815  INFO 7736 --- [Thread-24] o.s.i.endpoint.EventDrivenConsumer       : Removing {logging-channel-adapter:_org.springframework.integration.errorLogger} as a subscriber to the 'errorChannel' channel
2018-05-17 00:17:16.816  INFO 7736 --- [Thread-24] o.s.i.channel.PublishSubscribeChannel    : Channel 'application.errorChannel' has 0 subscriber(s).
2018-05-17 00:17:16.816  INFO 7736 --- [Thread-24] o.s.i.endpoint.EventDrivenConsumer       : stopped _org.springframework.integration.errorLogger
2018-05-17 00:17:16.842  INFO 7736 --- [Thread-24] o.s.s.c.ThreadPoolTaskScheduler          : Shutting down ExecutorService 'taskScheduler'
2018-05-17 00:17:16.844  INFO 7736 --- [Thread-24] o.s.j.e.a.AnnotationMBeanExporter        : Unregistering JMX-exposed beans on shutdown
2018-05-17 00:17:16.845  INFO 7736 --- [Thread-24] o.s.j.e.a.AnnotationMBeanExporter        : Unregistering JMX-exposed beans
2018-05-17 00:17:16.963  INFO 7736 --- [Thread-24] com.alibaba.druid.pool.DruidDataSource   : {dataSource-3} closed
2018-05-17 00:17:21.785  INFO 7736 --- [restartedMain] com.zhzteam.zhz233.Zhz233Application     : Starting Zhz233Application on DESKTOP-4I6LQ2I with PID 7736 (G:\GitHub\GitHub01\Project-01\Proj_zhz233\target\classes started by binbi in G:\GitHub\GitHub01\Project-01\Proj_zhz233)
2018-05-17 00:17:21.804  INFO 7736 --- [restartedMain] com.zhzteam.zhz233.Zhz233Application     : No active profile set, falling back to default profiles: default
2018-05-17 00:17:21.874  INFO 7736 --- [restartedMain] ConfigServletWebServerApplicationContext : Refreshing org.springframework.boot.web.servlet.context.AnnotationConfigServletWebServerApplicationContext@47e40c40: startup date [Thu May 17 00:17:21 CST 2018]; root of context hierarchy
2018-05-17 00:17:28.513  INFO 7736 --- [restartedMain] .s.d.r.c.RepositoryConfigurationDelegate : Multiple Spring Data modules found, entering strict repository configuration mode!
2018-05-17 00:17:33.436  INFO 7736 --- [restartedMain] o.s.i.config.IntegrationRegistrar        : No bean named 'integrationHeaderChannelRegistry' has been explicitly defined. Therefore, a default DefaultHeaderChannelRegistry will be created.
2018-05-17 00:17:34.810  INFO 7736 --- [restartedMain] faultConfiguringBeanFactoryPostProcessor : No bean named 'errorChannel' has been explicitly defined. Therefore, a default PublishSubscribeChannel will be created.
2018-05-17 00:17:34.811  INFO 7736 --- [restartedMain] faultConfiguringBeanFactoryPostProcessor : No bean named 'taskScheduler' has been explicitly defined. Therefore, a default ThreadPoolTaskScheduler will be created.
2018-05-17 00:17:35.141  INFO 7736 --- [restartedMain] trationDelegate$BeanPostProcessorChecker : Bean 'org.springframework.ws.config.annotation.DelegatingWsConfiguration' of type [org.springframework.ws.config.annotation.DelegatingWsConfiguration$$EnhancerBySpringCGLIB$$238d5290] is not eligible for getting processed by all BeanPostProcessors (for example: not eligible for auto-proxying)
2018-05-17 00:17:35.184  INFO 7736 --- [restartedMain] .w.s.a.s.AnnotationActionEndpointMapping : Supporting [WS-Addressing August 2004, WS-Addressing 1.0]
2018-05-17 00:17:35.265  INFO 7736 --- [restartedMain] trationDelegate$BeanPostProcessorChecker : Bean 'org.springframework.transaction.annotation.ProxyTransactionManagementConfiguration' of type [org.springframework.transaction.annotation.ProxyTransactionManagementConfiguration$$EnhancerBySpringCGLIB$$7ef58d91] is not eligible for getting processed by all BeanPostProcessors (for example: not eligible for auto-proxying)
2018-05-17 00:17:35.323  INFO 7736 --- [restartedMain] trationDelegate$BeanPostProcessorChecker : Bean 'org.springframework.cache.annotation.ProxyCachingConfiguration' of type [org.springframework.cache.annotation.ProxyCachingConfiguration$$EnhancerBySpringCGLIB$$c807c3af] is not eligible for getting processed by all BeanPostProcessors (for example: not eligible for auto-proxying)
2018-05-17 00:17:35.357  INFO 7736 --- [restartedMain] trationDelegate$BeanPostProcessorChecker : Bean 'org.springframework.integration.config.IntegrationManagementConfiguration' of type [org.springframework.integration.config.IntegrationManagementConfiguration$$EnhancerBySpringCGLIB$$e9e748c0] is not eligible for getting processed by all BeanPostProcessors (for example: not eligible for auto-proxying)
2018-05-17 00:17:37.027  INFO 7736 --- [restartedMain] o.s.b.w.embedded.tomcat.TomcatWebServer  : Tomcat initialized with port(s): 8080 (http)
2018-05-17 00:17:37.029  INFO 7736 --- [restartedMain] o.apache.catalina.core.StandardService   : Starting service [Tomcat]
2018-05-17 00:17:37.029  INFO 7736 --- [restartedMain] org.apache.catalina.core.StandardEngine  : Starting Servlet Engine: Apache Tomcat/8.5.31
2018-05-17 00:17:37.170  INFO 7736 --- [localhost-startStop-1] o.a.c.c.C.[Tomcat].[localhost].[/]       : Initializing Spring embedded WebApplicationContext
2018-05-17 00:17:37.171  INFO 7736 --- [localhost-startStop-1] o.s.web.context.ContextLoader            : Root WebApplicationContext: initialization completed in 15297 ms
2018-05-17 00:17:37.539  INFO 7736 --- [localhost-startStop-1] o.s.b.w.servlet.ServletRegistrationBean  : Servlet dispatcherServlet mapped to [/]
2018-05-17 00:17:37.539  INFO 7736 --- [localhost-startStop-1] o.s.b.w.servlet.ServletRegistrationBean  : Servlet messageDispatcherServlet mapped to [/services/*]
2018-05-17 00:17:37.540  INFO 7736 --- [localhost-startStop-1] o.s.b.w.servlet.FilterRegistrationBean   : Mapping filter: 'characterEncodingFilter' to: [/*]
2018-05-17 00:17:37.540  INFO 7736 --- [localhost-startStop-1] o.s.b.w.servlet.FilterRegistrationBean   : Mapping filter: 'hiddenHttpMethodFilter' to: [/*]
2018-05-17 00:17:37.540  INFO 7736 --- [localhost-startStop-1] o.s.b.w.servlet.FilterRegistrationBean   : Mapping filter: 'httpPutFormContentFilter' to: [/*]
2018-05-17 00:17:37.540  INFO 7736 --- [localhost-startStop-1] o.s.b.w.servlet.FilterRegistrationBean   : Mapping filter: 'requestContextFilter' to: [/*]
2018-05-17 00:17:37.540  INFO 7736 --- [localhost-startStop-1] o.s.b.w.servlet.FilterRegistrationBean   : Mapping filter: 'AuthPathFilter' to urls: [/*]
2018-05-17 00:17:37.540  INFO 7736 --- [localhost-startStop-1] o.s.b.w.servlet.FilterRegistrationBean   : Mapping filter: 'CorsFilter' to urls: [/*]
2018-05-17 00:17:39.713  INFO 7736 --- [restartedMain] o.s.w.s.handler.SimpleUrlHandlerMapping  : Mapped URL path [/**/favicon.ico] onto handler of type [class org.springframework.web.servlet.resource.ResourceHttpRequestHandler]
2018-05-17 00:17:39.867  INFO 7736 --- [restartedMain] s.w.s.m.m.a.RequestMappingHandlerAdapter : Looking for @ControllerAdvice: org.springframework.boot.web.servlet.context.AnnotationConfigServletWebServerApplicationContext@47e40c40: startup date [Thu May 17 00:17:21 CST 2018]; root of context hierarchy
2018-05-17 00:17:39.879  INFO 7736 --- [restartedMain] s.w.s.m.m.a.RequestMappingHandlerMapping : Mapped "{[/zlb/errors]}" onto public com.zhzteam.zhz233.model.zlb.PathResult com.zhzteam.zhz233.controller.zlb.ErrorController.login()
2018-05-17 00:17:39.880  INFO 7736 --- [restartedMain] s.w.s.m.m.a.RequestMappingHandlerMapping : Mapped "{[/zlb/getGoodsInfo]}" onto public com.zhzteam.zhz233.model.zlb.ResultView com.zhzteam.zhz233.controller.zlb.GoodsController.getGoodsInfo()
2018-05-17 00:17:39.880  INFO 7736 --- [restartedMain] s.w.s.m.m.a.RequestMappingHandlerMapping : Mapped "{[/zlb/getGoodsRentInfo]}" onto public com.zhzteam.zhz233.model.zlb.ResultView com.zhzteam.zhz233.controller.zlb.GoodsRentController.getGoodsRentInfo(javax.servlet.http.HttpServletRequest)
2018-05-17 00:17:39.881  INFO 7736 --- [restartedMain] s.w.s.m.m.a.RequestMappingHandlerMapping : Mapped "{[/zlb/index]}" onto public com.zhzteam.zhz233.model.zlb.PathResult com.zhzteam.zhz233.controller.zlb.IndexController.index()
2018-05-17 00:17:39.881  INFO 7736 --- [restartedMain] s.w.s.m.m.a.RequestMappingHandlerMapping : Mapped "{[/zlb/getIndexAutoInfo]}" onto public com.zhzteam.zhz233.model.zlb.ResultView com.zhzteam.zhz233.controller.zlb.IndexController.getIndexInfo()
2018-05-17 00:17:39.882  INFO 7736 --- [restartedMain] s.w.s.m.m.a.RequestMappingHandlerMapping : Mapped "{[/zlb/FB/error]}" onto public org.springframework.web.servlet.ModelAndView com.zhzteam.zhz233.controller.zlb.PagesController.error()
2018-05-17 00:17:39.882  INFO 7736 --- [restartedMain] s.w.s.m.m.a.RequestMappingHandlerMapping : Mapped "{[/zlb/FB/index]}" onto public org.springframework.web.servlet.ModelAndView com.zhzteam.zhz233.controller.zlb.PagesController.index()
2018-05-17 00:17:39.882  INFO 7736 --- [restartedMain] s.w.s.m.m.a.RequestMappingHandlerMapping : Mapped "{[/zlb/FB/login]}" onto public org.springframework.web.servlet.ModelAndView com.zhzteam.zhz233.controller.zlb.PagesController.login()
2018-05-17 00:17:39.884  INFO 7736 --- [restartedMain] s.w.s.m.m.a.RequestMappingHandlerMapping : Mapped "{[/zlb/userBean/register]}" onto public com.zhzteam.zhz233.model.zlb.ResultView com.zhzteam.zhz233.controller.zlb.UserController.register(javax.servlet.http.HttpServletRequest,javax.servlet.http.HttpServletResponse,com.zhzteam.zhz233.model.zlb.RegisterInfo)
2018-05-17 00:17:39.884  INFO 7736 --- [restartedMain] s.w.s.m.m.a.RequestMappingHandlerMapping : Mapped "{[/zlb/register]}" onto public com.zhzteam.zhz233.model.zlb.PathResult com.zhzteam.zhz233.controller.zlb.UserController.register()
2018-05-17 00:17:39.884  INFO 7736 --- [restartedMain] s.w.s.m.m.a.RequestMappingHandlerMapping : Mapped "{[/zlb/userBean/getUserInfo]}" onto public com.zhzteam.zhz233.model.zlb.ResultView com.zhzteam.zhz233.controller.zlb.UserController.register(javax.servlet.http.HttpServletRequest)
2018-05-17 00:17:39.884  INFO 7736 --- [restartedMain] s.w.s.m.m.a.RequestMappingHandlerMapping : Mapped "{[/zlb/login]}" onto public com.zhzteam.zhz233.model.zlb.PathResult com.zhzteam.zhz233.controller.zlb.UserController.login()
2018-05-17 00:17:39.885  INFO 7736 --- [restartedMain] s.w.s.m.m.a.RequestMappingHandlerMapping : Mapped "{[/zlb/userBean/getUserLeaseOrderInfo]}" onto public com.zhzteam.zhz233.model.zlb.ResultView com.zhzteam.zhz233.controller.zlb.UserController.getUserLeaseOrderInfo(javax.servlet.http.HttpServletRequest)
2018-05-17 00:17:39.885  INFO 7736 --- [restartedMain] s.w.s.m.m.a.RequestMappingHandlerMapping : Mapped "{[/zlb/userBean/checkCellPhone]}" onto public com.zhzteam.zhz233.model.zlb.ResultView com.zhzteam.zhz233.controller.zlb.UserController.checkCellPhone(java.lang.String)
2018-05-17 00:17:39.885  INFO 7736 --- [restartedMain] s.w.s.m.m.a.RequestMappingHandlerMapping : Mapped "{[/zlb/userBean/login]}" onto public com.zhzteam.zhz233.model.zlb.ResultView com.zhzteam.zhz233.controller.zlb.UserController.logon(javax.servlet.http.HttpServletRequest,javax.servlet.http.HttpServletResponse,com.zhzteam.zhz233.model.zlb.UserInfo)
2018-05-17 00:17:39.885  INFO 7736 --- [restartedMain] s.w.s.m.m.a.RequestMappingHandlerMapping : Mapped "{[/zlb/userBean/checkUserName]}" onto public com.zhzteam.zhz233.model.zlb.ResultView com.zhzteam.zhz233.controller.zlb.UserController.checkUserName(java.lang.String)
2018-05-17 00:17:39.885  INFO 7736 --- [restartedMain] s.w.s.m.m.a.RequestMappingHandlerMapping : Mapped "{[/zlb/userBean/getCode]}" onto public com.zhzteam.zhz233.model.zlb.ResultView com.zhzteam.zhz233.controller.zlb.UserController.getCode(java.lang.String)
2018-05-17 00:17:39.885  INFO 7736 --- [restartedMain] s.w.s.m.m.a.RequestMappingHandlerMapping : Mapped "{[/zlb/userBean/checkCode]}" onto public com.zhzteam.zhz233.model.zlb.ResultView com.zhzteam.zhz233.controller.zlb.UserController.checkCode(java.lang.String,java.lang.String)
2018-05-17 00:17:39.887  INFO 7736 --- [restartedMain] s.w.s.m.m.a.RequestMappingHandlerMapping : Mapped "{[/error]}" onto public org.springframework.http.ResponseEntity<java.util.Map<java.lang.String, java.lang.Object>> org.springframework.boot.autoconfigure.web.servlet.error.BasicErrorController.error(javax.servlet.http.HttpServletRequest)
2018-05-17 00:17:39.887  INFO 7736 --- [restartedMain] s.w.s.m.m.a.RequestMappingHandlerMapping : Mapped "{[/error],produces=[text/html]}" onto public org.springframework.web.servlet.ModelAndView org.springframework.boot.autoconfigure.web.servlet.error.BasicErrorController.errorHtml(javax.servlet.http.HttpServletRequest,javax.servlet.http.HttpServletResponse)
2018-05-17 00:17:39.902  INFO 7736 --- [restartedMain] o.s.w.s.handler.SimpleUrlHandlerMapping  : Mapped URL path [/webjars/**] onto handler of type [class org.springframework.web.servlet.resource.ResourceHttpRequestHandler]
2018-05-17 00:17:39.902  INFO 7736 --- [restartedMain] o.s.w.s.handler.SimpleUrlHandlerMapping  : Default mapping to handler of type [class org.springframework.web.servlet.resource.ResourceHttpRequestHandler]
2018-05-17 00:17:39.998  INFO 7736 --- [restartedMain] o.s.s.c.ThreadPoolTaskScheduler          : Initializing ExecutorService  'taskScheduler'
2018-05-17 00:17:40.145  INFO 7736 --- [restartedMain] o.s.b.d.a.OptionalLiveReloadServer       : LiveReload server is running on port 35729
2018-05-17 00:17:40.174  INFO 7736 --- [restartedMain] o.s.j.e.a.AnnotationMBeanExporter        : Registering beans for JMX exposure on startup
2018-05-17 00:17:40.175  INFO 7736 --- [restartedMain] o.s.j.e.a.AnnotationMBeanExporter        : Bean with name 'dataSource' has been autodetected for JMX exposure
2018-05-17 00:17:40.178  INFO 7736 --- [restartedMain] o.s.j.e.a.AnnotationMBeanExporter        : Located MBean 'dataSource': registering with JMX server as MBean [com.alibaba.druid.pool:name=dataSource,type=DruidDataSource]
2018-05-17 00:17:40.184  INFO 7736 --- [restartedMain] o.s.c.support.DefaultLifecycleProcessor  : Starting beans in phase 0
2018-05-17 00:17:40.184  INFO 7736 --- [restartedMain] o.s.i.endpoint.EventDrivenConsumer       : Adding {logging-channel-adapter:_org.springframework.integration.errorLogger} as a subscriber to the 'errorChannel' channel
2018-05-17 00:17:40.184  INFO 7736 --- [restartedMain] o.s.i.channel.PublishSubscribeChannel    : Channel 'application.errorChannel' has 1 subscriber(s).
2018-05-17 00:17:40.184  INFO 7736 --- [restartedMain] o.s.i.endpoint.EventDrivenConsumer       : started _org.springframework.integration.errorLogger
2018-05-17 00:17:40.263  INFO 7736 --- [restartedMain] o.s.b.w.embedded.tomcat.TomcatWebServer  : Tomcat started on port(s): 8080 (http) with context path ''
2018-05-17 00:17:40.264  INFO 7736 --- [restartedMain] com.zhzteam.zhz233.Zhz233Application     : Started Zhz233Application in 19.191 seconds (JVM running for 6494.032)
2018-05-17 00:17:40.267  INFO 7736 --- [restartedMain] .ConditionEvaluationDeltaLoggingListener : Condition evaluation unchanged
2018-05-17 00:18:04.810  INFO 7736 --- [http-nio-8080-exec-3] o.a.c.c.C.[Tomcat].[localhost].[/]       : Initializing Spring FrameworkServlet 'dispatcherServlet'
2018-05-17 00:18:04.810  INFO 7736 --- [http-nio-8080-exec-3] o.s.web.servlet.DispatcherServlet        : FrameworkServlet 'dispatcherServlet': initialization started
2018-05-17 00:18:04.820  INFO 7736 --- [http-nio-8080-exec-3] o.s.web.servlet.DispatcherServlet        : FrameworkServlet 'dispatcherServlet': initialization completed in 9 ms
2018-05-17 00:19:40.152  INFO 10400 --- [restartedMain] com.zhzteam.zhz233.Zhz233Application     : Starting Zhz233Application on DESKTOP-4I6LQ2I with PID 10400 (G:\GitHub\GitHub01\Project-01\Proj_zhz233\target\classes started by binbi in G:\GitHub\GitHub01\Project-01\Proj_zhz233)
2018-05-17 00:19:40.183  INFO 10400 --- [restartedMain] com.zhzteam.zhz233.Zhz233Application     : No active profile set, falling back to default profiles: default
2018-05-17 00:19:41.704  INFO 10400 --- [restartedMain] ConfigServletWebServerApplicationContext : Refreshing org.springframework.boot.web.servlet.context.AnnotationConfigServletWebServerApplicationContext@151de9b2: startup date [Thu May 17 00:19:41 CST 2018]; root of context hierarchy
2018-05-17 00:19:53.857  INFO 10400 --- [restartedMain] .s.d.r.c.RepositoryConfigurationDelegate : Multiple Spring Data modules found, entering strict repository configuration mode!
2018-05-17 00:19:54.153  INFO 10400 --- [restartedMain] o.s.i.config.IntegrationRegistrar        : No bean named 'integrationHeaderChannelRegistry' has been explicitly defined. Therefore, a default DefaultHeaderChannelRegistry will be created.
2018-05-17 00:20:08.021  INFO 10400 --- [restartedMain] faultConfiguringBeanFactoryPostProcessor : No bean named 'errorChannel' has been explicitly defined. Therefore, a default PublishSubscribeChannel will be created.
2018-05-17 00:20:08.329  INFO 10400 --- [restartedMain] faultConfiguringBeanFactoryPostProcessor : No bean named 'taskScheduler' has been explicitly defined. Therefore, a default ThreadPoolTaskScheduler will be created.
2018-05-17 00:20:10.257  INFO 10400 --- [restartedMain] trationDelegate$BeanPostProcessorChecker : Bean 'org.springframework.ws.config.annotation.DelegatingWsConfiguration' of type [org.springframework.ws.config.annotation.DelegatingWsConfiguration$$EnhancerBySpringCGLIB$$bb733e9f] is not eligible for getting processed by all BeanPostProcessors (for example: not eligible for auto-proxying)
2018-05-17 00:20:11.607  INFO 10400 --- [restartedMain] .w.s.a.s.AnnotationActionEndpointMapping : Supporting [WS-Addressing August 2004, WS-Addressing 1.0]
2018-05-17 00:20:11.685  INFO 10400 --- [restartedMain] trationDelegate$BeanPostProcessorChecker : Bean 'org.springframework.transaction.annotation.ProxyTransactionManagementConfiguration' of type [org.springframework.transaction.annotation.ProxyTransactionManagementConfiguration$$EnhancerBySpringCGLIB$$16db79a0] is not eligible for getting processed by all BeanPostProcessors (for example: not eligible for auto-proxying)
2018-05-17 00:20:11.987  INFO 10400 --- [restartedMain] trationDelegate$BeanPostProcessorChecker : Bean 'org.springframework.cache.annotation.ProxyCachingConfiguration' of type [org.springframework.cache.annotation.ProxyCachingConfiguration$$EnhancerBySpringCGLIB$$5fedafbe] is not eligible for getting processed by all BeanPostProcessors (for example: not eligible for auto-proxying)
2018-05-17 00:20:12.259  INFO 10400 --- [restartedMain] trationDelegate$BeanPostProcessorChecker : Bean 'org.springframework.integration.config.IntegrationManagementConfiguration' of type [org.springframework.integration.config.IntegrationManagementConfiguration$$EnhancerBySpringCGLIB$$81cd34cf] is not eligible for getting processed by all BeanPostProcessors (for example: not eligible for auto-proxying)
2018-05-17 00:20:26.966  INFO 10400 --- [restartedMain] o.s.b.w.embedded.tomcat.TomcatWebServer  : Tomcat initialized with port(s): 8080 (http)
2018-05-17 00:20:27.065  INFO 10400 --- [restartedMain] o.apache.catalina.core.StandardService   : Starting service [Tomcat]
2018-05-17 00:20:27.066  INFO 10400 --- [restartedMain] org.apache.catalina.core.StandardEngine  : Starting Servlet Engine: Apache Tomcat/8.5.31
2018-05-17 00:20:27.077  INFO 10400 --- [localhost-startStop-1] o.a.catalina.core.AprLifecycleListener   : The APR based Apache Tomcat Native library which allows optimal performance in production environments was not found on the java.library.path: [C:\Program Files\Java\jdk1.8.0_161\bin;C:\WINDOWS\Sun\Java\bin;C:\WINDOWS\system32;C:\WINDOWS;C:\ProgramData\Oracle\Java\javapath;C:\WINDOWS\system32;C:\WINDOWS;C:\WINDOWS\System32\Wbem;C:\WINDOWS\System32\WindowsPowerShell\v1.0\;C:\Program Files\MySQL\MySQL Utilities 1.6\;C:\Users\binbi\AppData\Local\Microsoft\WindowsApps;;.]
2018-05-17 00:20:27.472  INFO 10400 --- [localhost-startStop-1] o.a.c.c.C.[Tomcat].[localhost].[/]       : Initializing Spring embedded WebApplicationContext
2018-05-17 00:20:27.472  INFO 10400 --- [localhost-startStop-1] o.s.web.context.ContextLoader            : Root WebApplicationContext: initialization completed in 45768 ms
2018-05-17 00:20:28.531  INFO 10400 --- [localhost-startStop-1] o.s.b.w.servlet.ServletRegistrationBean  : Servlet dispatcherServlet mapped to [/]
2018-05-17 00:20:28.534  INFO 10400 --- [localhost-startStop-1] o.s.b.w.servlet.ServletRegistrationBean  : Servlet messageDispatcherServlet mapped to [/services/*]
2018-05-17 00:20:28.548  INFO 10400 --- [localhost-startStop-1] o.s.b.w.servlet.FilterRegistrationBean   : Mapping filter: 'characterEncodingFilter' to: [/*]
2018-05-17 00:20:28.549  INFO 10400 --- [localhost-startStop-1] o.s.b.w.servlet.FilterRegistrationBean   : Mapping filter: 'hiddenHttpMethodFilter' to: [/*]
2018-05-17 00:20:28.549  INFO 10400 --- [localhost-startStop-1] o.s.b.w.servlet.FilterRegistrationBean   : Mapping filter: 'httpPutFormContentFilter' to: [/*]
2018-05-17 00:20:28.549  INFO 10400 --- [localhost-startStop-1] o.s.b.w.servlet.FilterRegistrationBean   : Mapping filter: 'requestContextFilter' to: [/*]
2018-05-17 00:20:28.549  INFO 10400 --- [localhost-startStop-1] o.s.b.w.servlet.FilterRegistrationBean   : Mapping filter: 'AuthPathFilter' to urls: [/*]
2018-05-17 00:20:28.549  INFO 10400 --- [localhost-startStop-1] o.s.b.w.servlet.FilterRegistrationBean   : Mapping filter: 'CorsFilter' to urls: [/*]
2018-05-17 00:20:29.872  INFO 10400 --- [restartedMain] o.s.w.s.handler.SimpleUrlHandlerMapping  : Mapped URL path [/**/favicon.ico] onto handler of type [class org.springframework.web.servlet.resource.ResourceHttpRequestHandler]
2018-05-17 00:20:30.677  INFO 10400 --- [restartedMain] s.w.s.m.m.a.RequestMappingHandlerAdapter : Looking for @ControllerAdvice: org.springframework.boot.web.servlet.context.AnnotationConfigServletWebServerApplicationContext@151de9b2: startup date [Thu May 17 00:19:41 CST 2018]; root of context hierarchy
2018-05-17 00:20:31.000  INFO 10400 --- [restartedMain] s.w.s.m.m.a.RequestMappingHandlerMapping : Mapped "{[/zlb/errors]}" onto public com.zhzteam.zhz233.model.zlb.PathResult com.zhzteam.zhz233.controller.zlb.ErrorController.login()
2018-05-17 00:20:31.003  INFO 10400 --- [restartedMain] s.w.s.m.m.a.RequestMappingHandlerMapping : Mapped "{[/zlb/getGoodsInfo]}" onto public com.zhzteam.zhz233.model.zlb.ResultView com.zhzteam.zhz233.controller.zlb.GoodsController.getGoodsInfo()
2018-05-17 00:20:31.005  INFO 10400 --- [restartedMain] s.w.s.m.m.a.RequestMappingHandlerMapping : Mapped "{[/zlb/getGoodsRentInfo]}" onto public com.zhzteam.zhz233.model.zlb.ResultView com.zhzteam.zhz233.controller.zlb.GoodsRentController.getGoodsRentInfo(javax.servlet.http.HttpServletRequest)
2018-05-17 00:20:31.011  INFO 10400 --- [restartedMain] s.w.s.m.m.a.RequestMappingHandlerMapping : Mapped "{[/zlb/index]}" onto public com.zhzteam.zhz233.model.zlb.PathResult com.zhzteam.zhz233.controller.zlb.IndexController.index()
2018-05-17 00:20:31.013  INFO 10400 --- [restartedMain] s.w.s.m.m.a.RequestMappingHandlerMapping : Mapped "{[/zlb/getIndexAutoInfo]}" onto public com.zhzteam.zhz233.model.zlb.ResultView com.zhzteam.zhz233.controller.zlb.IndexController.getIndexInfo()
2018-05-17 00:20:31.015  INFO 10400 --- [restartedMain] s.w.s.m.m.a.RequestMappingHandlerMapping : Mapped "{[/zlb/FB/error]}" onto public org.springframework.web.servlet.ModelAndView com.zhzteam.zhz233.controller.zlb.PagesController.error()
2018-05-17 00:20:31.015  INFO 10400 --- [restartedMain] s.w.s.m.m.a.RequestMappingHandlerMapping : Mapped "{[/zlb/FB/index]}" onto public org.springframework.web.servlet.ModelAndView com.zhzteam.zhz233.controller.zlb.PagesController.index()
2018-05-17 00:20:31.015  INFO 10400 --- [restartedMain] s.w.s.m.m.a.RequestMappingHandlerMapping : Mapped "{[/zlb/FB/login]}" onto public org.springframework.web.servlet.ModelAndView com.zhzteam.zhz233.controller.zlb.PagesController.login()
2018-05-17 00:20:31.017  INFO 10400 --- [restartedMain] s.w.s.m.m.a.RequestMappingHandlerMapping : Mapped "{[/zlb/getTasteAutoInfo]}" onto public com.zhzteam.zhz233.model.zlb.ResultView com.zhzteam.zhz233.controller.zlb.TasteController.getTasteAutoInfo()
2018-05-17 00:20:31.017  INFO 10400 --- [restartedMain] s.w.s.m.m.a.RequestMappingHandlerMapping : Mapped "{[/zlb/getGoodsTasteRentInfo]}" onto public com.zhzteam.zhz233.model.zlb.ResultView com.zhzteam.zhz233.controller.zlb.TasteController.getGoodsTasteRentInfo()
2018-05-17 00:20:31.026  INFO 10400 --- [restartedMain] s.w.s.m.m.a.RequestMappingHandlerMapping : Mapped "{[/zlb/userBean/register]}" onto public com.zhzteam.zhz233.model.zlb.ResultView com.zhzteam.zhz233.controller.zlb.UserController.register(javax.servlet.http.HttpServletRequest,javax.servlet.http.HttpServletResponse,com.zhzteam.zhz233.model.zlb.RegisterInfo)
2018-05-17 00:20:31.027  INFO 10400 --- [restartedMain] s.w.s.m.m.a.RequestMappingHandlerMapping : Mapped "{[/zlb/register]}" onto public com.zhzteam.zhz233.model.zlb.PathResult com.zhzteam.zhz233.controller.zlb.UserController.register()
2018-05-17 00:20:31.028  INFO 10400 --- [restartedMain] s.w.s.m.m.a.RequestMappingHandlerMapping : Mapped "{[/zlb/userBean/getUserInfo]}" onto public com.zhzteam.zhz233.model.zlb.ResultView com.zhzteam.zhz233.controller.zlb.UserController.register(javax.servlet.http.HttpServletRequest)
2018-05-17 00:20:31.029  INFO 10400 --- [restartedMain] s.w.s.m.m.a.RequestMappingHandlerMapping : Mapped "{[/zlb/login]}" onto public com.zhzteam.zhz233.model.zlb.PathResult com.zhzteam.zhz233.controller.zlb.UserController.login()
2018-05-17 00:20:31.029  INFO 10400 --- [restartedMain] s.w.s.m.m.a.RequestMappingHandlerMapping : Mapped "{[/zlb/userBean/checkCellPhone]}" onto public com.zhzteam.zhz233.model.zlb.ResultView com.zhzteam.zhz233.controller.zlb.UserController.checkCellPhone(java.lang.String)
2018-05-17 00:20:31.029  INFO 10400 --- [restartedMain] s.w.s.m.m.a.RequestMappingHandlerMapping : Mapped "{[/zlb/userBean/checkUserName]}" onto public com.zhzteam.zhz233.model.zlb.ResultView com.zhzteam.zhz233.controller.zlb.UserController.checkUserName(java.lang.String)
2018-05-17 00:20:31.030  INFO 10400 --- [restartedMain] s.w.s.m.m.a.RequestMappingHandlerMapping : Mapped "{[/zlb/userBean/getCode]}" onto public com.zhzteam.zhz233.model.zlb.ResultView com.zhzteam.zhz233.controller.zlb.UserController.getCode(java.lang.String)
2018-05-17 00:20:31.030  INFO 10400 --- [restartedMain] s.w.s.m.m.a.RequestMappingHandlerMapping : Mapped "{[/zlb/userBean/checkCode]}" onto public com.zhzteam.zhz233.model.zlb.ResultView com.zhzteam.zhz233.controller.zlb.UserController.checkCode(java.lang.String,java.lang.String)
2018-05-17 00:20:31.031  INFO 10400 --- [restartedMain] s.w.s.m.m.a.RequestMappingHandlerMapping : Mapped "{[/zlb/userBean/login]}" onto public com.zhzteam.zhz233.model.zlb.ResultView com.zhzteam.zhz233.controller.zlb.UserController.logon(javax.servlet.http.HttpServletRequest,javax.servlet.http.HttpServletResponse,com.zhzteam.zhz233.model.zlb.UserInfo)
2018-05-17 00:20:31.031  INFO 10400 --- [restartedMain] s.w.s.m.m.a.RequestMappingHandlerMapping : Mapped "{[/zlb/userBean/getUserLeaseOrderInfo]}" onto public com.zhzteam.zhz233.model.zlb.ResultView com.zhzteam.zhz233.controller.zlb.UserController.getUserLeaseOrderInfo(javax.servlet.http.HttpServletRequest)
2018-05-17 00:20:31.036  INFO 10400 --- [restartedMain] s.w.s.m.m.a.RequestMappingHandlerMapping : Mapped "{[/error]}" onto public org.springframework.http.ResponseEntity<java.util.Map<java.lang.String, java.lang.Object>> org.springframework.boot.autoconfigure.web.servlet.error.BasicErrorController.error(javax.servlet.http.HttpServletRequest)
2018-05-17 00:20:31.037  INFO 10400 --- [restartedMain] s.w.s.m.m.a.RequestMappingHandlerMapping : Mapped "{[/error],produces=[text/html]}" onto public org.springframework.web.servlet.ModelAndView org.springframework.boot.autoconfigure.web.servlet.error.BasicErrorController.errorHtml(javax.servlet.http.HttpServletRequest,javax.servlet.http.HttpServletResponse)
2018-05-17 00:20:31.128  INFO 10400 --- [restartedMain] o.s.w.s.handler.SimpleUrlHandlerMapping  : Mapped URL path [/webjars/**] onto handler of type [class org.springframework.web.servlet.resource.ResourceHttpRequestHandler]
2018-05-17 00:20:31.129  INFO 10400 --- [restartedMain] o.s.w.s.handler.SimpleUrlHandlerMapping  : Default mapping to handler of type [class org.springframework.web.servlet.resource.ResourceHttpRequestHandler]
2018-05-17 00:20:32.448  INFO 10400 --- [restartedMain] o.s.s.c.ThreadPoolTaskScheduler          : Initializing ExecutorService  'taskScheduler'
2018-05-17 00:20:33.206  INFO 10400 --- [restartedMain] o.s.b.d.a.OptionalLiveReloadServer       : LiveReload server is running on port 35729
2018-05-17 00:20:33.410  INFO 10400 --- [restartedMain] o.s.j.e.a.AnnotationMBeanExporter        : Registering beans for JMX exposure on startup
2018-05-17 00:20:33.416  INFO 10400 --- [restartedMain] o.s.j.e.a.AnnotationMBeanExporter        : Bean with name 'dataSource' has been autodetected for JMX exposure
2018-05-17 00:20:33.426  INFO 10400 --- [restartedMain] o.s.j.e.a.AnnotationMBeanExporter        : Located MBean 'dataSource': registering with JMX server as MBean [com.alibaba.druid.pool:name=dataSource,type=DruidDataSource]
2018-05-17 00:20:33.544  INFO 10400 --- [restartedMain] o.s.c.support.DefaultLifecycleProcessor  : Starting beans in phase 0
2018-05-17 00:20:33.545  INFO 10400 --- [restartedMain] o.s.i.endpoint.EventDrivenConsumer       : Adding {logging-channel-adapter:_org.springframework.integration.errorLogger} as a subscriber to the 'errorChannel' channel
2018-05-17 00:20:33.545  INFO 10400 --- [restartedMain] o.s.i.channel.PublishSubscribeChannel    : Channel 'application.errorChannel' has 1 subscriber(s).
2018-05-17 00:20:33.545  INFO 10400 --- [restartedMain] o.s.i.endpoint.EventDrivenConsumer       : started _org.springframework.integration.errorLogger
2018-05-17 00:20:33.729  INFO 10400 --- [restartedMain] o.s.b.w.embedded.tomcat.TomcatWebServer  : Tomcat started on port(s): 8080 (http) with context path ''
2018-05-17 00:20:33.734  INFO 10400 --- [restartedMain] com.zhzteam.zhz233.Zhz233Application     : Started Zhz233Application in 68.357 seconds (JVM running for 75.689)
2018-05-17 00:20:42.169  INFO 10400 --- [http-nio-8080-exec-1] o.a.c.c.C.[Tomcat].[localhost].[/]       : Initializing Spring FrameworkServlet 'dispatcherServlet'
2018-05-17 00:20:42.169  INFO 10400 --- [http-nio-8080-exec-1] o.s.web.servlet.DispatcherServlet        : FrameworkServlet 'dispatcherServlet': initialization started
2018-05-17 00:20:42.190  INFO 10400 --- [http-nio-8080-exec-1] o.s.web.servlet.DispatcherServlet        : FrameworkServlet 'dispatcherServlet': initialization completed in 21 ms
2018-05-17 00:20:42.520  INFO 10400 --- [http-nio-8080-exec-1] com.alibaba.druid.pool.DruidDataSource   : {dataSource-1} inited
2018-05-17 00:44:59.552  INFO 10400 --- [http-nio-8080-exec-4] io.lettuce.core.EpollProvider            : Starting without optional epoll library
2018-05-17 00:45:00.361  INFO 10400 --- [http-nio-8080-exec-4] io.lettuce.core.KqueueProvider           : Starting without optional kqueue library
2018-05-17 01:07:04.069  INFO 9356 --- [restartedMain] com.zhzteam.zhz233.Zhz233Application     : Starting Zhz233Application on DESKTOP-4I6LQ2I with PID 9356 (G:\GitHub\GitHub01\Project-01\Proj_zhz233\target\classes started by binbi in G:\GitHub\GitHub01\Project-01\Proj_zhz233)
2018-05-17 01:07:04.193  INFO 9356 --- [restartedMain] com.zhzteam.zhz233.Zhz233Application     : No active profile set, falling back to default profiles: default
2018-05-17 01:07:05.480  INFO 9356 --- [restartedMain] ConfigServletWebServerApplicationContext : Refreshing org.springframework.boot.web.servlet.context.AnnotationConfigServletWebServerApplicationContext@1f5e4fa4: startup date [Thu May 17 01:07:05 CST 2018]; root of context hierarchy
2018-05-17 01:07:48.388  INFO 9356 --- [restartedMain] .s.d.r.c.RepositoryConfigurationDelegate : Multiple Spring Data modules found, entering strict repository configuration mode!
2018-05-17 01:07:51.183  INFO 9356 --- [restartedMain] o.s.i.config.IntegrationRegistrar        : No bean named 'integrationHeaderChannelRegistry' has been explicitly defined. Therefore, a default DefaultHeaderChannelRegistry will be created.
2018-05-17 01:07:54.317  INFO 9356 --- [restartedMain] faultConfiguringBeanFactoryPostProcessor : No bean named 'errorChannel' has been explicitly defined. Therefore, a default PublishSubscribeChannel will be created.
2018-05-17 01:07:54.609  INFO 9356 --- [restartedMain] faultConfiguringBeanFactoryPostProcessor : No bean named 'taskScheduler' has been explicitly defined. Therefore, a default ThreadPoolTaskScheduler will be created.
2018-05-17 01:07:56.050  INFO 9356 --- [restartedMain] trationDelegate$BeanPostProcessorChecker : Bean 'org.springframework.ws.config.annotation.DelegatingWsConfiguration' of type [org.springframework.ws.config.annotation.DelegatingWsConfiguration$$EnhancerBySpringCGLIB$$e5dd6f14] is not eligible for getting processed by all BeanPostProcessors (for example: not eligible for auto-proxying)
2018-05-17 01:07:57.688  INFO 9356 --- [restartedMain] .w.s.a.s.AnnotationActionEndpointMapping : Supporting [WS-Addressing August 2004, WS-Addressing 1.0]
2018-05-17 01:07:57.740  INFO 9356 --- [restartedMain] trationDelegate$BeanPostProcessorChecker : Bean 'org.springframework.transaction.annotation.ProxyTransactionManagementConfiguration' of type [org.springframework.transaction.annotation.ProxyTransactionManagementConfiguration$$EnhancerBySpringCGLIB$$4145aa15] is not eligible for getting processed by all BeanPostProcessors (for example: not eligible for auto-proxying)
2018-05-17 01:07:57.860  INFO 9356 --- [restartedMain] trationDelegate$BeanPostProcessorChecker : Bean 'org.springframework.cache.annotation.ProxyCachingConfiguration' of type [org.springframework.cache.annotation.ProxyCachingConfiguration$$EnhancerBySpringCGLIB$$8a57e033] is not eligible for getting processed by all BeanPostProcessors (for example: not eligible for auto-proxying)
2018-05-17 01:07:58.122  INFO 9356 --- [restartedMain] trationDelegate$BeanPostProcessorChecker : Bean 'org.springframework.integration.config.IntegrationManagementConfiguration' of type [org.springframework.integration.config.IntegrationManagementConfiguration$$EnhancerBySpringCGLIB$$ac376544] is not eligible for getting processed by all BeanPostProcessors (for example: not eligible for auto-proxying)
2018-05-17 01:08:07.603  INFO 9356 --- [restartedMain] o.s.b.w.embedded.tomcat.TomcatWebServer  : Tomcat initialized with port(s): 8080 (http)
2018-05-17 01:08:10.504  INFO 9356 --- [restartedMain] o.apache.catalina.core.StandardService   : Starting service [Tomcat]
2018-05-17 01:08:10.506  INFO 9356 --- [restartedMain] org.apache.catalina.core.StandardEngine  : Starting Servlet Engine: Apache Tomcat/8.5.31
2018-05-17 01:08:10.554  INFO 9356 --- [localhost-startStop-1] o.a.catalina.core.AprLifecycleListener   : The APR based Apache Tomcat Native library which allows optimal performance in production environments was not found on the java.library.path: [C:\Program Files\Java\jdk1.8.0_161\bin;C:\WINDOWS\Sun\Java\bin;C:\WINDOWS\system32;C:\WINDOWS;C:\ProgramData\Oracle\Java\javapath;C:\WINDOWS\system32;C:\WINDOWS;C:\WINDOWS\System32\Wbem;C:\WINDOWS\System32\WindowsPowerShell\v1.0\;C:\Program Files\MySQL\MySQL Utilities 1.6\;C:\Users\binbi\AppData\Local\Microsoft\WindowsApps;;.]
2018-05-17 01:08:14.139  INFO 9356 --- [localhost-startStop-1] o.a.c.c.C.[Tomcat].[localhost].[/]       : Initializing Spring embedded WebApplicationContext
2018-05-17 01:08:14.140  INFO 9356 --- [localhost-startStop-1] o.s.web.context.ContextLoader            : Root WebApplicationContext: initialization completed in 68660 ms
2018-05-17 01:08:28.901  INFO 9356 --- [localhost-startStop-1] o.s.b.w.servlet.ServletRegistrationBean  : Servlet dispatcherServlet mapped to [/]
2018-05-17 01:08:28.903  INFO 9356 --- [localhost-startStop-1] o.s.b.w.servlet.ServletRegistrationBean  : Servlet messageDispatcherServlet mapped to [/services/*]
2018-05-17 01:08:28.930  INFO 9356 --- [localhost-startStop-1] o.s.b.w.servlet.FilterRegistrationBean   : Mapping filter: 'characterEncodingFilter' to: [/*]
2018-05-17 01:08:28.930  INFO 9356 --- [localhost-startStop-1] o.s.b.w.servlet.FilterRegistrationBean   : Mapping filter: 'hiddenHttpMethodFilter' to: [/*]
2018-05-17 01:08:28.957  INFO 9356 --- [localhost-startStop-1] o.s.b.w.servlet.FilterRegistrationBean   : Mapping filter: 'httpPutFormContentFilter' to: [/*]
2018-05-17 01:08:28.958  INFO 9356 --- [localhost-startStop-1] o.s.b.w.servlet.FilterRegistrationBean   : Mapping filter: 'requestContextFilter' to: [/*]
2018-05-17 01:08:28.958  INFO 9356 --- [localhost-startStop-1] o.s.b.w.servlet.FilterRegistrationBean   : Mapping filter: 'AuthPathFilter' to urls: [/*]
2018-05-17 01:08:28.958  INFO 9356 --- [localhost-startStop-1] o.s.b.w.servlet.FilterRegistrationBean   : Mapping filter: 'CorsFilter' to urls: [/*]
2018-05-17 01:08:36.487  INFO 9356 --- [restartedMain] o.s.w.s.handler.SimpleUrlHandlerMapping  : Mapped URL path [/**/favicon.ico] onto handler of type [class org.springframework.web.servlet.resource.ResourceHttpRequestHandler]
2018-05-17 01:08:38.017  INFO 9356 --- [restartedMain] s.w.s.m.m.a.RequestMappingHandlerAdapter : Looking for @ControllerAdvice: org.springframework.boot.web.servlet.context.AnnotationConfigServletWebServerApplicationContext@1f5e4fa4: startup date [Thu May 17 01:07:05 CST 2018]; root of context hierarchy
2018-05-17 01:08:38.880  INFO 9356 --- [restartedMain] s.w.s.m.m.a.RequestMappingHandlerMapping : Mapped "{[/zlb/errors]}" onto public com.zhzteam.zhz233.model.zlb.PathResult com.zhzteam.zhz233.controller.zlb.ErrorController.login()
2018-05-17 01:08:38.884  INFO 9356 --- [restartedMain] s.w.s.m.m.a.RequestMappingHandlerMapping : Mapped "{[/zlb/getGoodsInfo]}" onto public com.zhzteam.zhz233.model.zlb.ResultView com.zhzteam.zhz233.controller.zlb.GoodsController.getGoodsInfo()
2018-05-17 01:08:38.887  INFO 9356 --- [restartedMain] s.w.s.m.m.a.RequestMappingHandlerMapping : Mapped "{[/zlb/getGoodsRentInfo]}" onto public com.zhzteam.zhz233.model.zlb.ResultView com.zhzteam.zhz233.controller.zlb.GoodsRentController.getGoodsRentInfo(javax.servlet.http.HttpServletRequest)
2018-05-17 01:08:38.891  INFO 9356 --- [restartedMain] s.w.s.m.m.a.RequestMappingHandlerMapping : Mapped "{[/zlb/index]}" onto public com.zhzteam.zhz233.model.zlb.PathResult com.zhzteam.zhz233.controller.zlb.IndexController.index()
2018-05-17 01:08:38.892  INFO 9356 --- [restartedMain] s.w.s.m.m.a.RequestMappingHandlerMapping : Mapped "{[/zlb/getIndexAutoInfo]}" onto public com.zhzteam.zhz233.model.zlb.ResultView com.zhzteam.zhz233.controller.zlb.IndexController.getIndexInfo()
2018-05-17 01:08:38.898  INFO 9356 --- [restartedMain] s.w.s.m.m.a.RequestMappingHandlerMapping : Mapped "{[/zlb/FB/error]}" onto public org.springframework.web.servlet.ModelAndView com.zhzteam.zhz233.controller.zlb.PagesController.error()
2018-05-17 01:08:38.900  INFO 9356 --- [restartedMain] s.w.s.m.m.a.RequestMappingHandlerMapping : Mapped "{[/zlb/FB/index]}" onto public org.springframework.web.servlet.ModelAndView com.zhzteam.zhz233.controller.zlb.PagesController.index()
2018-05-17 01:08:38.901  INFO 9356 --- [restartedMain] s.w.s.m.m.a.RequestMappingHandlerMapping : Mapped "{[/zlb/FB/login]}" onto public org.springframework.web.servlet.ModelAndView com.zhzteam.zhz233.controller.zlb.PagesController.login()
2018-05-17 01:08:38.907  INFO 9356 --- [restartedMain] s.w.s.m.m.a.RequestMappingHandlerMapping : Mapped "{[/zlb/getGoodsTasteRentInfo]}" onto public com.zhzteam.zhz233.model.zlb.ResultView com.zhzteam.zhz233.controller.zlb.TasteController.getGoodsTasteRentInfo()
2018-05-17 01:08:38.909  INFO 9356 --- [restartedMain] s.w.s.m.m.a.RequestMappingHandlerMapping : Mapped "{[/zlb/getTasteAutoInfo]}" onto public com.zhzteam.zhz233.model.zlb.ResultView com.zhzteam.zhz233.controller.zlb.TasteController.getTasteAutoInfo()
2018-05-17 01:08:38.918  INFO 9356 --- [restartedMain] s.w.s.m.m.a.RequestMappingHandlerMapping : Mapped "{[/zlb/userBean/register]}" onto public com.zhzteam.zhz233.model.zlb.ResultView com.zhzteam.zhz233.controller.zlb.UserController.register(javax.servlet.http.HttpServletRequest,javax.servlet.http.HttpServletResponse,com.zhzteam.zhz233.model.zlb.RegisterInfo)
2018-05-17 01:08:38.919  INFO 9356 --- [restartedMain] s.w.s.m.m.a.RequestMappingHandlerMapping : Mapped "{[/zlb/register]}" onto public com.zhzteam.zhz233.model.zlb.PathResult com.zhzteam.zhz233.controller.zlb.UserController.register()
2018-05-17 01:08:38.919  INFO 9356 --- [restartedMain] s.w.s.m.m.a.RequestMappingHandlerMapping : Mapped "{[/zlb/userBean/getUserInfo]}" onto public com.zhzteam.zhz233.model.zlb.ResultView com.zhzteam.zhz233.controller.zlb.UserController.register(javax.servlet.http.HttpServletRequest)
2018-05-17 01:08:38.920  INFO 9356 --- [restartedMain] s.w.s.m.m.a.RequestMappingHandlerMapping : Mapped "{[/zlb/userBean/getUserLeaseOrderInfo]}" onto public com.zhzteam.zhz233.model.zlb.ResultView com.zhzteam.zhz233.controller.zlb.UserController.getUserLeaseOrderInfo(javax.servlet.http.HttpServletRequest)
2018-05-17 01:08:38.920  INFO 9356 --- [restartedMain] s.w.s.m.m.a.RequestMappingHandlerMapping : Mapped "{[/zlb/login]}" onto public com.zhzteam.zhz233.model.zlb.PathResult com.zhzteam.zhz233.controller.zlb.UserController.login()
2018-05-17 01:08:38.921  INFO 9356 --- [restartedMain] s.w.s.m.m.a.RequestMappingHandlerMapping : Mapped "{[/zlb/userBean/checkCode]}" onto public com.zhzteam.zhz233.model.zlb.ResultView com.zhzteam.zhz233.controller.zlb.UserController.checkCode(java.lang.String,java.lang.String)
2018-05-17 01:08:38.922  INFO 9356 --- [restartedMain] s.w.s.m.m.a.RequestMappingHandlerMapping : Mapped "{[/zlb/userBean/checkCellPhone]}" onto public com.zhzteam.zhz233.model.zlb.ResultView com.zhzteam.zhz233.controller.zlb.UserController.checkCellPhone(java.lang.String)
2018-05-17 01:08:38.922  INFO 9356 --- [restartedMain] s.w.s.m.m.a.RequestMappingHandlerMapping : Mapped "{[/zlb/userBean/checkUserName]}" onto public com.zhzteam.zhz233.model.zlb.ResultView com.zhzteam.zhz233.controller.zlb.UserController.checkUserName(java.lang.String)
2018-05-17 01:08:38.922  INFO 9356 --- [restartedMain] s.w.s.m.m.a.RequestMappingHandlerMapping : Mapped "{[/zlb/userBean/login]}" onto public com.zhzteam.zhz233.model.zlb.ResultView com.zhzteam.zhz233.controller.zlb.UserController.logon(javax.servlet.http.HttpServletRequest,javax.servlet.http.HttpServletResponse,com.zhzteam.zhz233.model.zlb.UserInfo)
2018-05-17 01:08:38.923  INFO 9356 --- [restartedMain] s.w.s.m.m.a.RequestMappingHandlerMapping : Mapped "{[/zlb/userBean/getCode]}" onto public com.zhzteam.zhz233.model.zlb.ResultView com.zhzteam.zhz233.controller.zlb.UserController.getCode(java.lang.String)
2018-05-17 01:08:38.926  INFO 9356 --- [restartedMain] s.w.s.m.m.a.RequestMappingHandlerMapping : Mapped "{[/error]}" onto public org.springframework.http.ResponseEntity<java.util.Map<java.lang.String, java.lang.Object>> org.springframework.boot.autoconfigure.web.servlet.error.BasicErrorController.error(javax.servlet.http.HttpServletRequest)
2018-05-17 01:08:38.927  INFO 9356 --- [restartedMain] s.w.s.m.m.a.RequestMappingHandlerMapping : Mapped "{[/error],produces=[text/html]}" onto public org.springframework.web.servlet.ModelAndView org.springframework.boot.autoconfigure.web.servlet.error.BasicErrorController.errorHtml(javax.servlet.http.HttpServletRequest,javax.servlet.http.HttpServletResponse)
2018-05-17 01:08:38.983  INFO 9356 --- [restartedMain] o.s.w.s.handler.SimpleUrlHandlerMapping  : Mapped URL path [/webjars/**] onto handler of type [class org.springframework.web.servlet.resource.ResourceHttpRequestHandler]
2018-05-17 01:08:38.983  INFO 9356 --- [restartedMain] o.s.w.s.handler.SimpleUrlHandlerMapping  : Default mapping to handler of type [class org.springframework.web.servlet.resource.ResourceHttpRequestHandler]
2018-05-17 01:08:42.621  INFO 9356 --- [restartedMain] o.s.s.c.ThreadPoolTaskScheduler          : Initializing ExecutorService  'taskScheduler'
2018-05-17 01:08:43.935  INFO 9356 --- [restartedMain] o.s.b.d.a.OptionalLiveReloadServer       : LiveReload server is running on port 35729
2018-05-17 01:08:44.374  INFO 9356 --- [restartedMain] o.s.j.e.a.AnnotationMBeanExporter        : Registering beans for JMX exposure on startup
2018-05-17 01:08:44.376  INFO 9356 --- [restartedMain] o.s.j.e.a.AnnotationMBeanExporter        : Bean with name 'dataSource' has been autodetected for JMX exposure
2018-05-17 01:08:44.383  INFO 9356 --- [restartedMain] o.s.j.e.a.AnnotationMBeanExporter        : Located MBean 'dataSource': registering with JMX server as MBean [com.alibaba.druid.pool:name=dataSource,type=DruidDataSource]
2018-05-17 01:08:44.545  INFO 9356 --- [restartedMain] o.s.c.support.DefaultLifecycleProcessor  : Starting beans in phase 0
2018-05-17 01:08:44.546  INFO 9356 --- [restartedMain] o.s.i.endpoint.EventDrivenConsumer       : Adding {logging-channel-adapter:_org.springframework.integration.errorLogger} as a subscriber to the 'errorChannel' channel
2018-05-17 01:08:44.547  INFO 9356 --- [restartedMain] o.s.i.channel.PublishSubscribeChannel    : Channel 'application.errorChannel' has 1 subscriber(s).
2018-05-17 01:08:44.548  INFO 9356 --- [restartedMain] o.s.i.endpoint.EventDrivenConsumer       : started _org.springframework.integration.errorLogger
2018-05-17 01:08:45.618  INFO 9356 --- [restartedMain] o.s.b.w.embedded.tomcat.TomcatWebServer  : Tomcat started on port(s): 8080 (http) with context path ''
2018-05-17 01:08:45.638  INFO 9356 --- [restartedMain] com.zhzteam.zhz233.Zhz233Application     : Started Zhz233Application in 113.596 seconds (JVM running for 155.114)
2018-05-17 01:12:47.187  INFO 9356 --- [http-nio-8080-exec-2] o.a.c.c.C.[Tomcat].[localhost].[/]       : Initializing Spring FrameworkServlet 'dispatcherServlet'
2018-05-17 01:12:47.191  INFO 9356 --- [http-nio-8080-exec-2] o.s.web.servlet.DispatcherServlet        : FrameworkServlet 'dispatcherServlet': initialization started
2018-05-17 01:12:47.290  INFO 9356 --- [http-nio-8080-exec-2] o.s.web.servlet.DispatcherServlet        : FrameworkServlet 'dispatcherServlet': initialization completed in 99 ms
2018-05-17 01:12:47.873  INFO 9356 --- [http-nio-8080-exec-2] io.lettuce.core.EpollProvider            : Starting without optional epoll library
2018-05-17 01:12:47.880  INFO 9356 --- [http-nio-8080-exec-2] io.lettuce.core.KqueueProvider           : Starting without optional kqueue library
2018-05-17 01:12:48.014  INFO 9356 --- [http-nio-8080-exec-1] com.alibaba.druid.pool.DruidDataSource   : {dataSource-1} inited
